C:\USERS\ATAMAN\SERHAD\PROJECT\BGI\DEBUG\BGIOUT.OBJ
C:\USERS\ATAMAN\SERHAD\PROJECT\BGI\DEBUG\DIBUTIL.OBJ
C:\USERS\ATAMAN\SERHAD\PROJECT\BGI\DEBUG\DRAWING.OBJ
C:\USERS\ATAMAN\SERHAD\PROJECT\BGI\DEBUG\FILE.OBJ
C:\USERS\ATAMAN\SERHAD\PROJECT\BGI\DEBUG\MISC.OBJ
C:\USERS\ATAMAN\SERHAD\PROJECT\BGI\DEBUG\MOUSE.OBJ
C:\USERS\ATAMAN\SERHAD\PROJECT\BGI\DEBUG\PALETTE.OBJ
C:\USERS\ATAMAN\SERHAD\PROJECT\BGI\DEBUG\MAIN.OBJ
C:\USERS\ATAMAN\SERHAD\PROJECT\BGI\DEBUG\TEXT.OBJ
C:\USERS\ATAMAN\SERHAD\PROJECT\BGI\DEBUG\WINBGI.OBJ
C:\USERS\ATAMAN\SERHAD\PROJECT\BGI\DEBUG\WINTHREAD.OBJ
C:\USERS\ATAMAN\SERHAD\PROJECT\BGI\DEBUG\VC110.PDB
C:\USERS\ATAMAN\SERHAD\PROJECT\BGI\DEBUG\BGI.ILK
C:\USERS\ATAMAN\SERHAD\PROJECT\BGI\DEBUG\BGI.EXE
C:\USERS\ATAMAN\SERHAD\PROJECT\BGI\DEBUG\BGI.PDB
C:\Users\Ataman\SERHAD\Project\bgi\Debug\bgiout.obj
C:\Users\Ataman\SERHAD\Project\bgi\Debug\dibutil.obj
C:\Users\Ataman\SERHAD\Project\bgi\Debug\drawing.obj
C:\Users\Ataman\SERHAD\Project\bgi\Debug\file.obj
C:\Users\Ataman\SERHAD\Project\bgi\Debug\misc.obj
C:\Users\Ataman\SERHAD\Project\bgi\Debug\mouse.obj
C:\Users\Ataman\SERHAD\Project\bgi\Debug\palette.obj
C:\Users\Ataman\SERHAD\Project\bgi\Debug\text.obj
C:\Users\Ataman\SERHAD\Project\bgi\Debug\winbgi.obj
C:\Users\Ataman\SERHAD\Project\bgi\Debug\winthread.obj
C:\Users\Ataman\SERHAD\Project\bgi\Debug\bgi.ilk
C:\Users\Ataman\SERHAD\Project\bgi\Debug\cl.command.1.tlog
C:\Users\Ataman\SERHAD\Project\bgi\Debug\CL.read.1.tlog
C:\Users\Ataman\SERHAD\Project\bgi\Debug\CL.write.1.tlog
C:\Users\Ataman\SERHAD\Project\bgi\Debug\link-cvtres.read.1.tlog
C:\Users\Ataman\SERHAD\Project\bgi\Debug\link-cvtres.write.1.tlog
C:\Users\Ataman\SERHAD\Project\bgi\Debug\link-rc.read.1.tlog
C:\Users\Ataman\SERHAD\Project\bgi\Debug\link-rc.write.1.tlog
C:\Users\Ataman\SERHAD\Project\bgi\Debug\link.1484-cvtres.read.1.tlog
C:\Users\Ataman\SERHAD\Project\bgi\Debug\link.1484-cvtres.write.1.tlog
C:\Users\Ataman\SERHAD\Project\bgi\Debug\link.1484-rc.read.1.tlog
C:\Users\Ataman\SERHAD\Project\bgi\Debug\link.1484-rc.write.1.tlog
C:\Users\Ataman\SERHAD\Project\bgi\Debug\link.1484.read.1.tlog
C:\Users\Ataman\SERHAD\Project\bgi\Debug\link.1484.write.1.tlog
C:\Users\Ataman\SERHAD\Project\bgi\Debug\link.2428-cvtres.read.1.tlog
C:\Users\Ataman\SERHAD\Project\bgi\Debug\link.2428-cvtres.write.1.tlog
C:\Users\Ataman\SERHAD\Project\bgi\Debug\link.2428-rc.read.1.tlog
C:\Users\Ataman\SERHAD\Project\bgi\Debug\link.2428-rc.write.1.tlog
C:\Users\Ataman\SERHAD\Project\bgi\Debug\link.2428.read.1.tlog
C:\Users\Ataman\SERHAD\Project\bgi\Debug\link.2428.write.1.tlog
C:\Users\Ataman\SERHAD\Project\bgi\Debug\link.2736-cvtres.read.1.tlog
C:\Users\Ataman\SERHAD\Project\bgi\Debug\link.2736-cvtres.write.1.tlog
C:\Users\Ataman\SERHAD\Project\bgi\Debug\link.2736-rc.read.1.tlog
C:\Users\Ataman\SERHAD\Project\bgi\Debug\link.2736-rc.write.1.tlog
C:\Users\Ataman\SERHAD\Project\bgi\Debug\link.2736.read.1.tlog
C:\Users\Ataman\SERHAD\Project\bgi\Debug\link.2736.write.1.tlog
C:\Users\Ataman\SERHAD\Project\bgi\Debug\link.3732-cvtres.read.1.tlog
C:\Users\Ataman\SERHAD\Project\bgi\Debug\link.3732-cvtres.write.1.tlog
C:\Users\Ataman\SERHAD\Project\bgi\Debug\link.3732-rc.read.1.tlog
C:\Users\Ataman\SERHAD\Project\bgi\Debug\link.3732-rc.write.1.tlog
C:\Users\Ataman\SERHAD\Project\bgi\Debug\link.3732.read.1.tlog
C:\Users\Ataman\SERHAD\Project\bgi\Debug\link.3732.write.1.tlog
C:\Users\Ataman\SERHAD\Project\bgi\Debug\link.3744-cvtres.read.1.tlog
C:\Users\Ataman\SERHAD\Project\bgi\Debug\link.3744-cvtres.write.1.tlog
C:\Users\Ataman\SERHAD\Project\bgi\Debug\link.3744-rc.read.1.tlog
C:\Users\Ataman\SERHAD\Project\bgi\Debug\link.3744-rc.write.1.tlog
C:\Users\Ataman\SERHAD\Project\bgi\Debug\link.3744.read.1.tlog
C:\Users\Ataman\SERHAD\Project\bgi\Debug\link.3744.write.1.tlog
C:\Users\Ataman\SERHAD\Project\bgi\Debug\link.3812-cvtres.read.1.tlog
C:\Users\Ataman\SERHAD\Project\bgi\Debug\link.3812-cvtres.write.1.tlog
C:\Users\Ataman\SERHAD\Project\bgi\Debug\link.3812-rc.read.1.tlog
C:\Users\Ataman\SERHAD\Project\bgi\Debug\link.3812-rc.write.1.tlog
C:\Users\Ataman\SERHAD\Project\bgi\Debug\link.3812.read.1.tlog
C:\Users\Ataman\SERHAD\Project\bgi\Debug\link.3812.write.1.tlog
C:\Users\Ataman\SERHAD\Project\bgi\Debug\link.4580-cvtres.read.1.tlog
C:\Users\Ataman\SERHAD\Project\bgi\Debug\link.4580-cvtres.write.1.tlog
C:\Users\Ataman\SERHAD\Project\bgi\Debug\link.4580-rc.read.1.tlog
C:\Users\Ataman\SERHAD\Project\bgi\Debug\link.4580-rc.write.1.tlog
C:\Users\Ataman\SERHAD\Project\bgi\Debug\link.4580.read.1.tlog
C:\Users\Ataman\SERHAD\Project\bgi\Debug\link.4580.write.1.tlog
C:\Users\Ataman\SERHAD\Project\bgi\Debug\link.4908-cvtres.read.1.tlog
C:\Users\Ataman\SERHAD\Project\bgi\Debug\link.4908-cvtres.write.1.tlog
C:\Users\Ataman\SERHAD\Project\bgi\Debug\link.4908-rc.read.1.tlog
C:\Users\Ataman\SERHAD\Project\bgi\Debug\link.4908-rc.write.1.tlog
C:\Users\Ataman\SERHAD\Project\bgi\Debug\link.4908.read.1.tlog
C:\Users\Ataman\SERHAD\Project\bgi\Debug\link.4908.write.1.tlog
C:\Users\Ataman\SERHAD\Project\bgi\Debug\link.5392-cvtres.read.1.tlog
C:\Users\Ataman\SERHAD\Project\bgi\Debug\link.5392-cvtres.write.1.tlog
C:\Users\Ataman\SERHAD\Project\bgi\Debug\link.5392-rc.read.1.tlog
C:\Users\Ataman\SERHAD\Project\bgi\Debug\link.5392-rc.write.1.tlog
C:\Users\Ataman\SERHAD\Project\bgi\Debug\link.5392.read.1.tlog
C:\Users\Ataman\SERHAD\Project\bgi\Debug\link.5392.write.1.tlog
C:\Users\Ataman\SERHAD\Project\bgi\Debug\link.5456-cvtres.read.1.tlog
C:\Users\Ataman\SERHAD\Project\bgi\Debug\link.5456-cvtres.write.1.tlog
C:\Users\Ataman\SERHAD\Project\bgi\Debug\link.5456-rc.read.1.tlog
C:\Users\Ataman\SERHAD\Project\bgi\Debug\link.5456-rc.write.1.tlog
C:\Users\Ataman\SERHAD\Project\bgi\Debug\link.5456.read.1.tlog
C:\Users\Ataman\SERHAD\Project\bgi\Debug\link.5456.write.1.tlog
C:\Users\Ataman\SERHAD\Project\bgi\Debug\link.5516-cvtres.read.1.tlog
C:\Users\Ataman\SERHAD\Project\bgi\Debug\link.5516-cvtres.write.1.tlog
C:\Users\Ataman\SERHAD\Project\bgi\Debug\link.5516-rc.read.1.tlog
C:\Users\Ataman\SERHAD\Project\bgi\Debug\link.5516-rc.write.1.tlog
C:\Users\Ataman\SERHAD\Project\bgi\Debug\link.5516.read.1.tlog
C:\Users\Ataman\SERHAD\Project\bgi\Debug\link.5516.write.1.tlog
C:\Users\Ataman\SERHAD\Project\bgi\Debug\link.5696-cvtres.read.1.tlog
C:\Users\Ataman\SERHAD\Project\bgi\Debug\link.5696-cvtres.write.1.tlog
C:\Users\Ataman\SERHAD\Project\bgi\Debug\link.5696-rc.read.1.tlog
C:\Users\Ataman\SERHAD\Project\bgi\Debug\link.5696-rc.write.1.tlog
C:\Users\Ataman\SERHAD\Project\bgi\Debug\link.5696.read.1.tlog
C:\Users\Ataman\SERHAD\Project\bgi\Debug\link.5696.write.1.tlog
C:\Users\Ataman\SERHAD\Project\bgi\Debug\link.command.1.tlog
C:\Users\Ataman\SERHAD\Project\bgi\Debug\link.read.1.tlog
C:\Users\Ataman\SERHAD\Project\bgi\Debug\link.write.1.tlog
C:\Users\Ataman\SERHAD\Project\bgi\Debug\vc110.idb
C:\Users\Ataman\SERHAD\Project\bgi\Debug\bgi.pdb
C:\Users\Ataman\SERHAD\Project\bgi\Debug\vc110.pdb
C:\Users\Ataman\SERHAD\Project\bgi\Debug\bgi.exe
